=== FIREWALL EJECTOR SEAT v1.0 ===
=== Conversion Started: 2025-10-11 18:14:48.504148 ===


================================================================================
  FIREWALL EJECTOR SEAT v1.0
================================================================================

[18:14:48.507] [INFO ] [main                ] N2NHU Labs / MTOR Foundation
[18:14:48.507] [INFO ] [main                ] SonicWall to WatchGuard Migration Tool
[18:14:48.508] [INFO ] [main                ] Input file: sonicwallconfig.txt
[18:14:48.508] [INFO ] [main                ] Output file: watchguardconfig.txt
[18:14:48.509] [INFO ] [main                ] Debug mode: both
[18:14:48.509] [INFO ] [DictionaryDatabase  ] Initializing database: converter_dictionary.db
[18:14:48.511] [DEBUG] [DictionaryDatabase  ] Database already seeded

================================================================================
  STARTING CONVERSION PROCESS
================================================================================


================================================================================
  PARSING SONICWALL CONFIGURATION
================================================================================

[18:14:48.525] [INFO ] [SonicWallParser     ] Parsing complete. Tree has 4 top-level sections
[18:14:48.526] [INFO ] [SonicWallParser     ] Tree saved to sonicwall_parsed.json

================================================================================
  PRE-FLIGHT ANALYSIS
================================================================================

[18:14:48.528] [INFO ] [ConfigConverter     ] Found: 4 zones, 5 interfaces, 1 VPNs, 6 access rules, 0 NAT policies

================================================================================
  TRANSFORMING CONFIGURATION
================================================================================

[18:14:48.529] [DEBUG] [ConfigConverter._transform_vpn_complete] Transforming VPN: WAN GroupVPN
  Data: {
  "enable": false,
  "auth-method": "shared-secret",
  "shared-secret": "4,72d7ff8731c77de0ad1931bb265ff2150a10480a1448aad97a3677448629c38269c91743e642e532ab58d55d87bdb85b94a1e3bf10079a61eddff564d2a4c914367b7f27582d373e919b9dd90971e80784fce51fb01e13e971c8415d948350598b9c481616301603cf46aa3e4652c8e9e55cb98ee6d0bdac58100166f9f19f8601ff35401a2b8b42",
  "proposal": "ipsec lifetime 28800",
  "proposal ipsec perfect-forward-secrecy": false,
  "anti-replay": true,
  "permit-acceleration": false,
  "multicast": false,
  "management https": false,
  "management ssh": false,
  "management snmp": false,
  "accept-multiple-proposals": false,
  "default-lan-gateway": false,
  "client": "allow-connections-to split-tunnels",
  "client default-route": false,
  "client simple-provisioning": false,
  "client-authentication": "require-xauth \"Trusted Users\"",
  "ike-mode-configuration": false
}
[18:14:48.530] [INFO ] [ConfigConverter._transform_vpn_complete] VPN 'WAN GroupVPN' → 'WAN-GroupVPN' (confidence: 85%)
[18:14:48.531] [INFO ] [ConfigConverter     ] WatchGuard config written to watchguardconfig.txt

================================================================================
  GENERATING CONVERSION REPORT
================================================================================

[18:14:48.532] [INFO ] [ConfigConverter     ] Report written to conversion_report.txt
[18:14:48.533] [INFO ] [DictionaryDatabase  ] Database connection closed
